<?xml version="1.0" encoding="UTF-8"?>
<testng-results total="1" passed="1" failed="0" skipped="0">
  <reporter-output>
  </reporter-output>
  <suite started-at="2025-03-31T14:23:33Z" name="Test Suite for Buildout" finished-at="2025-03-31T14:23:45Z" duration-ms="12455">
    <groups>
    </groups>
    <test started-at="2025-03-31T14:23:33Z" name="Test Cases for Buildout" finished-at="2025-03-31T14:23:45Z" duration-ms="12455">
      <class name="demo.TestCases">
        <test-method is-config="true" signature="startBrowser()[pri:0, instance:demo.TestCases@6a55299e]" started-at="2025-03-31T19:53:33Z" name="startBrowser" finished-at="2025-03-31T19:53:34Z" duration-ms="1594" status="PASS">
          <reporter-output>
          </reporter-output>
        </test-method> <!-- startBrowser -->
        <test-method signature="testCase01()[pri:0, instance:demo.TestCases@6a55299e]" started-at="2025-03-31T19:53:34Z" name="testCase01" description="Automate Google Form" finished-at="2025-03-31T19:53:45Z" duration-ms="10513" status="PASS">
          <reporter-output>
          </reporter-output>
        </test-method> <!-- testCase01 -->
        <test-method is-config="true" signature="endTest()[pri:0, instance:demo.TestCases@6a55299e]" started-at="2025-03-31T19:53:45Z" name="endTest" finished-at="2025-03-31T19:53:45Z" duration-ms="335" status="PASS">
          <reporter-output>
          </reporter-output>
        </test-method> <!-- endTest -->
      </class> <!-- demo.TestCases -->
    </test> <!-- Test Cases for Buildout -->
  </suite> <!-- Test Suite for Buildout -->
</testng-results>
